<?xml version="1.0" encoding="UTF-8"?><testsuite failures="0" name="cucumber.runtime.formatter.JUnitFormatter" skipped="0" tests="2" time="23.935277">
<testcase classname="Free CRM Create Contacts" name="Free CRM Create a new contact scenario" time="12.959555">
<system-out><![CDATA[Given user is already on Login Page.........................................passed
Then user enters "naveenk" and "test@123"...................................passed
Then user clicks on login button............................................passed
Then user is on home page...................................................passed
Then user moves to new contact page.........................................passed
Then user enters contact details "Tom" and "Peter" and "Manager"............passed
Then Close the browser......................................................passed
]]></system-out>
</testcase>
<testcase classname="Free CRM Create Contacts" name="Free CRM Create a new contact scenario 2" time="10.975722">
<system-out><![CDATA[Given user is already on Login Page.........................................passed
Then user enters "naveenk" and "test@123"...................................passed
Then user clicks on login button............................................passed
Then user is on home page...................................................passed
Then user moves to new contact page.........................................passed
Then user enters contact details "David" and "Dsouza" and "Director"........passed
Then Close the browser......................................................passed
]]></system-out>
</testcase>
</testsuite>
